<?xml version="1.0" encoding="UTF-8"?>
<!-- Generated by org.testng.reporters.JUnitReportReporter -->
<testsuite skipped="0" hostname="zubair-PC" name="Practise.Demo1" tests="1" failures="0" timestamp="14 Oct 2020 15:50:19 GMT" time="21.406" errors="0">
  <testcase name="m1" time="21.406" classname="Practise.Demo1"/>
</testsuite> <!-- Practise.Demo1 -->
